app/build/intermediates/manifest_merge_blame_file/release/manifest-merger-blame-release-report.txt
1<?xml version="1.0" encoding="utf-8"?>
2<manifest xmlns:android="http://schemas.android.com/apk/res/android"
3    package="me.dimasmiftah.monitory"
4    android:versionCode="1"
5    android:versionName="1.0" >
6
7    <uses-sdk
8        android:minSdkVersion="26"
8-->src\main\AndroidManifest.xml
9        android:targetSdkVersion="30" />
9-->src\main\AndroidManifest.xml
10
11    <application
11-->src\main\AndroidManifest.xml:5:5-22:19
12        android:allowBackup="true"
12-->src\main\AndroidManifest.xml:6:9-35
13        android:appComponentFactory="androidx.core.app.CoreComponentFactory"
13-->[androidx.core:core:1.3.1] AndroidManifest.xml:24:18-86
14        android:extractNativeLibs="false"
15        android:icon="@mipmap/ic_launcher"
15-->src\main\AndroidManifest.xml:7:9-43
16        android:label="@string/app_name"
16-->src\main\AndroidManifest.xml:8:9-41
17        android:roundIcon="@mipmap/ic_launcher_round"
17-->src\main\AndroidManifest.xml:9:9-54
18        android:supportsRtl="true"
18-->src\main\AndroidManifest.xml:10:9-35
19        android:theme="@style/Theme.Monitory" >
19-->src\main\AndroidManifest.xml:11:9-46
20        <activity android:name="me.dimasmiftah.monitory.FinishActivity" >
20-->src\main\AndroidManifest.xml:12:9-13:20
20-->src\main\AndroidManifest.xml:12:19-72
21        </activity>
22        <activity android:name="me.dimasmiftah.monitory.PersonalFormActivity" />
22-->src\main\AndroidManifest.xml:14:9-81
22-->src\main\AndroidManifest.xml:14:19-78
23        <activity android:name="me.dimasmiftah.monitory.VerifyCodeActivity" />
23-->src\main\AndroidManifest.xml:15:9-79
23-->src\main\AndroidManifest.xml:15:19-76
24        <activity android:name="me.dimasmiftah.monitory.MainActivity" >
24-->src\main\AndroidManifest.xml:16:9-21:20
24-->src\main\AndroidManifest.xml:16:19-70
25            <intent-filter>
25-->src\main\AndroidManifest.xml:17:13-20:29
26                <action android:name="android.intent.action.MAIN" />
26-->src\main\AndroidManifest.xml:18:17-69
26-->src\main\AndroidManifest.xml:18:25-66
27
28                <category android:name="android.intent.category.LAUNCHER" />
28-->src\main\AndroidManifest.xml:19:17-77
28-->src\main\AndroidManifest.xml:19:27-74
29            </intent-filter>
30        </activity>
31    </application>
32
33</manifest>